2021-03-12 17:03:49,937 接口测试 INFO 正在生成测试报告......
2021-03-12 17:03:52,748 接口测试 INFO 生成测试报告成功......
2021-03-12 17:03:52,748 接口测试 INFO 正在打包测试报告......
2021-03-12 17:03:52,892 接口测试 INFO 打包测试报告完成......
2021-03-12 17:11:39,108 接口测试 INFO 正在生成测试报告......
2021-03-12 17:11:41,955 接口测试 INFO 生成测试报告成功......
2021-03-12 17:11:41,956 接口测试 INFO 正在打包测试报告......
2021-03-12 17:11:42,107 接口测试 INFO 打包测试报告完成......
2021-03-12 17:11:42,479 接口测试 ERROR email end error:(535, b'Login Fail. Please enter your authorization code to login. More information in http://service.mail.qq.com/cgi-bin/help?subtype=1&&id=28&&no=1001256')
2021-03-12 17:13:49,143 接口测试 INFO 正在生成测试报告......
2021-03-12 17:13:51,673 接口测试 INFO 生成测试报告成功......
2021-03-12 17:13:51,673 接口测试 INFO 正在打包测试报告......
2021-03-12 17:13:51,816 接口测试 INFO 打包测试报告完成......
2021-03-12 17:13:52,475 接口测试 ERROR email end error:(535, b'Login Fail. Please enter your authorization code to login. More information in http://service.mail.qq.com/cgi-bin/help?subtype=1&&id=28&&no=1001256')
2021-03-12 17:16:17,482 接口测试 INFO 正在生成测试报告......
2021-03-12 17:16:20,148 接口测试 INFO 生成测试报告成功......
2021-03-12 17:16:20,148 接口测试 INFO 正在打包测试报告......
2021-03-12 17:16:20,292 接口测试 INFO 打包测试报告完成......
2021-03-12 17:16:20,612 接口测试 ERROR email end error:(535, b'Login Fail. Please enter your authorization code to login. More information in http://service.mail.qq.com/cgi-bin/help?subtype=1&&id=28&&no=1001256')
2021-03-12 17:17:38,592 接口测试 INFO 正在生成测试报告......
2021-03-12 17:17:40,982 接口测试 INFO 生成测试报告成功......
2021-03-12 17:26:19,398 接口测试 INFO 读取Excel成功,数据已返回
2021-03-12 17:29:28,593 接口测试 INFO 读取Excel成功,数据已返回
2021-03-12 17:29:28,607 接口测试 INFO 正在进行断言
2021-03-12 17:29:28,607 接口测试 INFO 正在向http://www.neeo.cc:6002/pinter/bank/api/login2发送请求,{'case_num': 'neeo_001', 'title': 'token_登录', 'url': 'http://www.neeo.cc:6002/pinter/bank/api/login2', 'method': 'post', 'params': '', 'data': '{"userName":"admin","password":"1234"}', 'json': '', 'cookies': '', 'headers': '', 'except': '{"code":"0","message":"success"}'}
2021-03-12 17:29:30,557 接口测试 INFO 完成断言,{'code': '0', 'message': 'success'}-{'code': '0', 'message': 'success', 'data': '7a3585b1a4644041b40f9b6c274dc6c1'}
2021-03-12 17:29:30,568 接口测试 INFO 正在进行断言
2021-03-12 17:29:30,569 接口测试 INFO 正在向http://www.neeo.cc:6002/pinter/bank/api/query2发送请求,{'case_num': 'neeo_002', 'title': 'token_查询余额', 'url': 'http://www.neeo.cc:6002/pinter/bank/api/query2', 'method': 'get', 'params': '{"userName":"admin"}', 'data': '', 'json': '', 'cookies': '', 'headers': '{"testfan-token":"${neeo_001>response_json>data}$"}', 'except': '{"code":"0","message":"success"}'}
2021-03-12 17:29:30,652 接口测试 INFO 正在进行断言
2021-03-12 17:29:30,652 接口测试 INFO 正在向http://www.neeo.cc:6002/pinter/bank/api/login发送请求,{'case_num': 'neeo_003', 'title': 'cookies_登录', 'url': 'http://www.neeo.cc:6002/pinter/bank/api/login', 'method': 'post', 'params': '', 'data': '{"userName":"admin","password":"1234"}', 'json': '', 'cookies': '', 'headers': '', 'except': '{"code":"0","message":"success"}'}
2021-03-12 17:29:30,735 接口测试 INFO 完成断言,{'code': '0', 'message': 'success'}-{'code': '0', 'message': 'success', 'data': None}
2021-03-12 17:29:30,740 接口测试 INFO 正在进行断言
2021-03-12 17:29:30,741 接口测试 INFO 正在向http://www.neeo.cc:6002/pinter/bank/api/query发送请求,{'case_num': 'neeo_004', 'title': 'cookies_查询余额', 'url': 'http://www.neeo.cc:6002/pinter/bank/api/query', 'method': 'get', 'params': '{"userName":"admin"}', 'data': '', 'json': '', 'cookies': 'neeo_003', 'headers': '', 'except': '{"code":"0","message":"success"}'}
2021-03-12 17:29:30,832 接口测试 INFO 正在进行断言
2021-03-12 17:29:30,832 接口测试 INFO 正在向http://www.neeo.cc:6002/pinter/com/buy发送请求,{'case_num': 'neeo_005', 'title': '下单接口', 'url': 'http://www.neeo.cc:6002/pinter/com/buy', 'method': 'post', 'params': '', 'data': '{"param":{"skuld":123,"num":10}}', 'json': '', 'cookies': '', 'headers': '', 'except': '{"code":"0","message":"success"}'}
2021-03-12 17:29:30,950 接口测试 INFO 完成断言,{'code': '0', 'message': 'success'}-{'code': '0', 'message': 'success', 'data': 'skuld,num'}
2021-03-12 17:29:30,963 接口测试 INFO 正在进行断言
2021-03-12 17:29:30,964 接口测试 INFO 正在向http://www.neeo.cc:6002/pinter/com/getSku发送请求,{'case_num': 'neeo_006', 'title': '查询库存', 'url': 'http://www.neeo.cc:6002/pinter/com/getSku', 'method': 'get', 'params': '{"id":1}', 'data': '', 'json': '', 'cookies': '', 'headers': '', 'except': '{"code":"0","message":"success"}'}
2021-03-12 17:29:31,060 接口测试 INFO 完成断言,{'code': '0', 'message': 'success'}-{'code': '0', 'message': 'success', 'data': {'skuId': 1, 'skuName': 'ptest-1', 'price': '102', 'stock': 824, 'brand': 'testfan'}}
2021-03-12 17:29:31,075 接口测试 INFO 正在进行断言
2021-03-12 17:29:31,075 接口测试 INFO 正在向http://www.neeo.cc:6002/pinter/com/login发送请求,{'case_num': 'neeo_007', 'title': '普通登录', 'url': 'http://www.neeo.cc:6002/pinter/com/login', 'method': 'post', 'params': '', 'data': '{"userName":"${neeo_002>request_params>userName}$","password":"${neeo_003>request_data>password}$"}', 'json': '', 'cookies': '', 'headers': '', 'except': '{"code":"0","message":"success"}'}
2021-03-12 17:29:31,183 接口测试 INFO 完成断言,{'code': '0', 'message': 'success'}-{'code': '0', 'message': 'success', 'data': None}
2021-03-12 17:29:31,248 接口测试 INFO 正在生成测试报告......
2021-03-12 17:29:34,714 接口测试 INFO 生成测试报告成功......
2021-03-12 17:29:34,715 接口测试 INFO 正在打包测试报告......
2021-03-12 17:29:34,867 接口测试 INFO 打包测试报告完成......
