2021-03-13 00:20:18,168 接口测试 INFO 读取Excel成功,数据已返回
2021-03-13 00:20:18,168 接口测试 INFO 正在向http://www.neeo.cc:6002/pinter/bank/api/login2发送请求,{'case_num': 'neeo_001', 'title': 'token_登录', 'url': 'http://www.neeo.cc:6002/pinter/bank/api/login2', 'method': 'post', 'params': '', 'data': '{"userName":"admin","password":"1234"}', 'json': '', 'cookies': '', 'headers': '', 'except': '{"code":"0","message":"success"}'}
2021-03-13 00:20:18,391 接口测试 INFO 正在向http://www.neeo.cc:6002/pinter/bank/api/query2发送请求,{'case_num': 'neeo_002', 'title': 'token_查询余额', 'url': 'http://www.neeo.cc:6002/pinter/bank/api/query2', 'method': 'get', 'params': '{"userName":"admin"}', 'data': '', 'json': '', 'cookies': '', 'headers': '{"testfan-token":"${neeo_001>response_json>data}$"}', 'except': '{"code":"0","message":"success"}'}
2021-03-13 00:23:47,801 接口测试 INFO 读取Excel成功,数据已返回
2021-03-13 00:23:47,801 接口测试 INFO 正在向http://www.neeo.cc:6002/pinter/bank/api/login2发送请求,{'case_num': 'neeo_001', 'title': 'token_登录', 'url': 'http://www.neeo.cc:6002/pinter/bank/api/login2', 'method': 'post', 'params': '', 'data': '{"userName":"admin","password":"1234"}', 'json': '', 'cookies': '', 'headers': '', 'except': '{"code":"0","message":"success"}'}
2021-03-13 00:23:47,911 接口测试 INFO 正在向http://www.neeo.cc:6002/pinter/bank/api/query2发送请求,{'case_num': 'neeo_002', 'title': 'token_查询余额', 'url': 'http://www.neeo.cc:6002/pinter/bank/api/query2', 'method': 'get', 'params': '{"userName":"admin"}', 'data': '', 'json': '', 'cookies': '', 'headers': '{"testfan-token":"${neeo_001>response_json>data}$"}', 'except': '{"code":"0","message":"success"}'}
2021-03-13 00:25:04,617 接口测试 INFO 读取Excel成功,数据已返回
2021-03-13 00:25:04,617 接口测试 INFO 正在向http://www.neeo.cc:6002/pinter/bank/api/login2发送请求,{'case_num': 'neeo_001', 'title': 'token_登录', 'url': 'http://www.neeo.cc:6002/pinter/bank/api/login2', 'method': 'post', 'params': '', 'data': '{"userName":"admin","password":"1234"}', 'json': '', 'cookies': '', 'headers': '', 'except': '{"code":"0","message":"success"}'}
2021-03-13 00:25:04,731 接口测试 INFO 正在向http://www.neeo.cc:6002/pinter/bank/api/query2发送请求,{'case_num': 'neeo_002', 'title': 'token_查询余额', 'url': 'http://www.neeo.cc:6002/pinter/bank/api/query2', 'method': 'get', 'params': '{"userName":"admin"}', 'data': '', 'json': '', 'cookies': '', 'headers': '{"testfan-token":"${neeo_001>response_json>data}$"}', 'except': '{"code":"0","message":"success"}'}
2021-03-13 00:35:44,188 接口测试 INFO 读取Excel成功,数据已返回
2021-03-13 00:35:44,188 接口测试 INFO 正在向http://www.neeo.cc:6002/pinter/bank/api/login2发送请求,{'case_num': 'neeo_001', 'title': 'token_登录', 'url': 'http://www.neeo.cc:6002/pinter/bank/api/login2', 'method': 'post', 'params': '', 'data': '{"userName":"admin","password":"1234"}', 'json': '', 'cookies': '', 'headers': '', 'except': '{"code":"0","message":"success"}'}
2021-03-13 00:35:44,294 接口测试 INFO 正在向http://www.neeo.cc:6002/pinter/bank/api/query2发送请求,{'case_num': 'neeo_002', 'title': 'token_查询余额', 'url': 'http://www.neeo.cc:6002/pinter/bank/api/query2', 'method': 'get', 'params': '{"userName":"admin"}', 'data': '', 'json': '', 'cookies': '', 'headers': '{"testfan-token":"${neeo_001>response_json>data}$"}', 'except': '{"code":"0","message":"success"}'}
2021-03-13 00:40:43,853 接口测试 INFO 读取Excel成功,数据已返回
2021-03-13 00:40:43,853 接口测试 INFO 正在向http://www.neeo.cc:6002/pinter/bank/api/login2发送请求,{'case_num': 'neeo_001', 'title': 'token_登录', 'url': 'http://www.neeo.cc:6002/pinter/bank/api/login2', 'method': 'post', 'params': '', 'data': '{"userName":"admin","password":"1234"}', 'json': '', 'cookies': '', 'headers': '', 'except': '{"code":"0","message":"success"}'}
2021-03-13 00:40:43,964 接口测试 INFO 正在向http://www.neeo.cc:6002/pinter/bank/api/query2发送请求,{'case_num': 'neeo_002', 'title': 'token_查询余额', 'url': 'http://www.neeo.cc:6002/pinter/bank/api/query2', 'method': 'get', 'params': '{"userName":"admin"}', 'data': '', 'json': '', 'cookies': '', 'headers': '{"testfan-token":"${neeo_001>response_json>data}$"}', 'except': '{"code":"0","message":"success"}'}
2021-03-13 00:44:03,926 接口测试 INFO 读取Excel成功,数据已返回
2021-03-13 00:44:03,926 接口测试 INFO 正在向http://www.neeo.cc:6002/pinter/bank/api/login2发送请求,{'case_num': 'neeo_001', 'title': 'token_登录', 'url': 'http://www.neeo.cc:6002/pinter/bank/api/login2', 'method': 'post', 'params': '', 'data': '{"userName":"admin","password":"1234"}', 'json': '', 'cookies': '', 'headers': '', 'except': '{"code":"0","message":"success"}'}
2021-03-13 00:44:04,050 接口测试 INFO 正在向http://www.neeo.cc:6002/pinter/bank/api/query2发送请求,{'case_num': 'neeo_002', 'title': 'token_查询余额', 'url': 'http://www.neeo.cc:6002/pinter/bank/api/query2', 'method': 'get', 'params': '{"userName":"admin"}', 'data': '', 'json': '', 'cookies': '', 'headers': '{"testfan-token":"${neeo_001>response_json>data}$"}', 'except': '{"code":"0","message":"success"}'}
2021-03-13 00:44:51,787 接口测试 INFO 读取Excel成功,数据已返回
2021-03-13 00:44:51,788 接口测试 INFO 正在向http://www.neeo.cc:6002/pinter/bank/api/login2发送请求,{'case_num': 'neeo_001', 'title': 'token_登录', 'url': 'http://www.neeo.cc:6002/pinter/bank/api/login2', 'method': 'post', 'params': '', 'data': '{"userName":"admin","password":"1234"}', 'json': '', 'cookies': '', 'headers': '', 'except': '{"code":"0","message":"success"}'}
2021-03-13 00:44:51,904 接口测试 INFO 正在向http://www.neeo.cc:6002/pinter/bank/api/query2发送请求,{'case_num': 'neeo_002', 'title': 'token_查询余额', 'url': 'http://www.neeo.cc:6002/pinter/bank/api/query2', 'method': 'get', 'params': '{"userName":"admin"}', 'data': '', 'json': '', 'cookies': '', 'headers': '{"testfan-token":"${neeo_001>response_json>data}$"}', 'except': '{"code":"0","message":"success"}'}
2021-03-13 01:06:30,497 接口测试 INFO 读取Excel成功,数据已返回
2021-03-13 01:06:30,497 接口测试 INFO 正在向http://www.neeo.cc:6002/pinter/bank/api/login2发送请求,{'case_num': 'neeo_001', 'title': 'token_登录', 'url': 'http://www.neeo.cc:6002/pinter/bank/api/login2', 'method': 'post', 'params': '', 'data': '{"userName":"admin","password":"1234"}', 'json': '', 'cookies': '', 'headers': '', 'except': '{"code":"0","message":"success"}'}
2021-03-13 01:06:30,815 接口测试 INFO 正在向http://www.neeo.cc:6002/pinter/bank/api/query2发送请求,{'case_num': 'neeo_002', 'title': 'token_查询余额', 'url': 'http://www.neeo.cc:6002/pinter/bank/api/query2', 'method': 'get', 'params': '{"userName":"admin"}', 'data': '', 'json': '', 'cookies': '', 'headers': '{"testfan-token":"${neeo_001>response_json>data}$"}', 'except': '{"code":"0","message":"success"}'}
2021-03-13 01:06:30,922 接口测试 INFO 正在向http://www.neeo.cc:6002/pinter/bank/api/login发送请求,{'case_num': 'neeo_003', 'title': 'cookies_登录', 'url': 'http://www.neeo.cc:6002/pinter/bank/api/login', 'method': 'post', 'params': '', 'data': '{"userName":"admin","password":"1234"}', 'json': '', 'cookies': '', 'headers': '', 'except': '{"code":"0","message":"success"}'}
2021-03-13 01:06:31,017 接口测试 INFO 正在向http://www.neeo.cc:6002/pinter/bank/api/query发送请求,{'case_num': 'neeo_004', 'title': 'cookies_查询余额', 'url': 'http://www.neeo.cc:6002/pinter/bank/api/query', 'method': 'get', 'params': '{"userName":"admin"}', 'data': '', 'json': '', 'cookies': 'neeo_003', 'headers': '', 'except': '{"code":"0","message":"success"}'}
2021-03-13 01:06:31,105 接口测试 INFO 正在向http://www.neeo.cc:6002/pinter/com/buy发送请求,{'case_num': 'neeo_005', 'title': '下单接口', 'url': 'http://www.neeo.cc:6002/pinter/com/buy', 'method': 'post', 'params': '', 'data': '{"param":{"skuld":123,"num":10}}', 'json': '', 'cookies': '', 'headers': '', 'except': '{"code":"0","message":"success"}'}
2021-03-13 01:06:31,219 接口测试 INFO 正在向http://www.neeo.cc:6002/pinter/com/getSku发送请求,{'case_num': 'neeo_006', 'title': '查询库存', 'url': 'http://www.neeo.cc:6002/pinter/com/getSku', 'method': 'get', 'params': '{"id":1}', 'data': '', 'json': '', 'cookies': '', 'headers': '', 'except': '{"code":"0","message":"success"}'}
2021-03-13 01:06:31,309 接口测试 INFO 正在向http://www.neeo.cc:6002/pinter/com/login发送请求,{'case_num': 'neeo_007', 'title': '普通登录', 'url': 'http://www.neeo.cc:6002/pinter/com/login', 'method': 'post', 'params': '', 'data': '{"userName":"${neeo_002>request_params>userName}$","password":"${neeo_003>request_data>password}$"}', 'json': '', 'cookies': '', 'headers': '', 'except': '{"code":"0","message":"success"}'}
2021-03-13 19:21:27,623 接口测试 INFO 读取Excel成功,数据已返回
2021-03-13 19:21:27,623 接口测试 INFO 正在向http://www.neeo.cc:6002/pinter/bank/api/login发送请求,{'case_num': 'neeo_003', 'title': 'cookies_登录', 'url': 'http://www.neeo.cc:6002/pinter/bank/api/login', 'method': 'post', 'params': '', 'data': '{"userName":"admin","password":"1234"}', 'json': '', 'cookies': '', 'headers': '', 'except': '{"code":"0","message":"success"}'}
2021-03-13 19:21:27,728 接口测试 INFO 正在向http://www.neeo.cc:6002/pinter/bank/api/query发送请求,{'case_num': 'neeo_004', 'title': 'cookies_查询余额', 'url': 'http://www.neeo.cc:6002/pinter/bank/api/query', 'method': 'get', 'params': '{"userName":"admin"}', 'data': '', 'json': '', 'cookies': 'neeo_003', 'headers': '', 'except': '{"code":"0","message":"success"}'}
2021-03-13 19:23:54,012 接口测试 INFO 读取Excel成功,数据已返回
2021-03-13 19:23:54,012 接口测试 INFO 正在向http://www.neeo.cc:6002/pinter/bank/api/login发送请求,{'case_num': 'neeo_003', 'title': 'cookies_登录', 'url': 'http://www.neeo.cc:6002/pinter/bank/api/login', 'method': 'post', 'params': '', 'data': '{"userName":"admin","password":"1234"}', 'json': '', 'cookies': '', 'headers': '', 'except': '{"code":"0","message":"success"}'}
2021-03-13 19:23:54,148 接口测试 INFO 正在向http://www.neeo.cc:6002/pinter/bank/api/query发送请求,{'case_num': 'neeo_004', 'title': 'cookies_查询余额', 'url': 'http://www.neeo.cc:6002/pinter/bank/api/query', 'method': 'get', 'params': '{"userName":"admin"}', 'data': '', 'json': '', 'cookies': 'neeo_003', 'headers': '', 'except': '{"code":"0","message":"success"}', 'temporary_response_cookies': {'testfan-id': 'bfdcf8cf-37bf-4836-be62-b9454854e4c1'}, 'temporary_response_json': {'code': '0', 'message': 'success', 'data': None}, 'temporary_request_headers': '', 'temporary_request_data': '{"userName":"admin","password":"1234"}', 'temporary_request_json': '', 'temporary_request_params': '', 'temporary_response_headers': {'Set-Cookie': 'testfan-id=bfdcf8cf-37bf-4836-be62-b9454854e4c1; Max-Age=216000; Expires=Mon, 15-Mar-2021 23:23:55 GMT; Path=/', 'Content-Type': 'application/json;charset=UTF-8', 'Transfer-Encoding': 'chunked', 'Date': 'Sat, 13 Mar 2021 11:23:55 GMT', 'Keep-Alive': 'timeout=20', 'Connection': 'keep-alive'}}
2021-03-13 19:33:58,795 接口测试 INFO 读取Excel成功,数据已返回
2021-03-13 19:33:58,796 接口测试 INFO 正在向http://www.neeo.cc:6002/pinter/bank/api/login发送请求,{'case_num': 'neeo_003', 'title': 'cookies_登录', 'url': 'http://www.neeo.cc:6002/pinter/bank/api/login', 'method': 'post', 'params': '', 'data': '{"userName":"admin","password":"1234"}', 'json': '', 'cookies': '', 'headers': '', 'except': '{"code":"0","message":"success"}'}
2021-03-13 19:33:58,917 接口测试 INFO 正在向http://www.neeo.cc:6002/pinter/bank/api/query发送请求,{'case_num': 'neeo_004', 'title': 'cookies_查询余额', 'url': 'http://www.neeo.cc:6002/pinter/bank/api/query', 'method': 'get', 'params': '{"userName":"admin"}', 'data': '', 'json': '', 'cookies': 'neeo_003', 'headers': '', 'except': '{"code":"0","message":"success"}'}
2021-03-13 19:35:12,921 接口测试 INFO 读取Excel成功,数据已返回
2021-03-13 19:35:12,921 接口测试 INFO 正在向http://www.neeo.cc:6002/pinter/bank/api/login发送请求,{'case_num': 'neeo_003', 'title': 'cookies_登录', 'url': 'http://www.neeo.cc:6002/pinter/bank/api/login', 'method': 'post', 'params': '', 'data': '{"userName":"admin","password":"1234"}', 'json': '', 'cookies': '', 'headers': '', 'except': '{"code":"0","message":"success"}'}
2021-03-13 19:35:13,028 接口测试 INFO 正在向http://www.neeo.cc:6002/pinter/bank/api/query发送请求,{'case_num': 'neeo_004', 'title': 'cookies_查询余额', 'url': 'http://www.neeo.cc:6002/pinter/bank/api/query', 'method': 'get', 'params': '{"userName":"admin"}', 'data': '', 'json': '', 'cookies': 'neeo_003', 'headers': '', 'except': '{"code":"0","message":"success"}'}
2021-03-13 19:35:46,851 接口测试 INFO 读取Excel成功,数据已返回
2021-03-13 19:35:46,851 接口测试 INFO 正在向http://www.neeo.cc:6002/pinter/bank/api/login发送请求,{'case_num': 'neeo_003', 'title': 'cookies_登录', 'url': 'http://www.neeo.cc:6002/pinter/bank/api/login', 'method': 'post', 'params': '', 'data': '{"userName":"admin","password":"1234"}', 'json': '', 'cookies': '', 'headers': '', 'except': '{"code":"0","message":"success"}'}
2021-03-13 19:35:46,978 接口测试 INFO 正在向http://www.neeo.cc:6002/pinter/bank/api/query发送请求,{'case_num': 'neeo_004', 'title': 'cookies_查询余额', 'url': 'http://www.neeo.cc:6002/pinter/bank/api/query', 'method': 'get', 'params': '{"userName":"admin"}', 'data': '', 'json': '', 'cookies': 'neeo_003', 'headers': '', 'except': '{"code":"0","message":"success"}'}
2021-03-13 19:36:34,483 接口测试 INFO 读取Excel成功,数据已返回
2021-03-13 19:42:02,543 接口测试 INFO 读取Excel成功,数据已返回
2021-03-13 19:59:28,270 接口测试 INFO 读取Excel成功,数据已返回
2021-03-13 20:09:40,355 接口测试 INFO 读取Excel成功,数据已返回
2021-03-13 20:44:35,298 接口测试 INFO 读取Excel成功,数据已返回
2021-03-13 20:50:29,395 接口测试 INFO 读取Excel成功,数据已返回
2021-03-13 20:51:19,655 接口测试 INFO 读取Excel成功,数据已返回
2021-03-13 21:13:40,667 接口测试 INFO 读取Excel成功,数据已返回
2021-03-13 21:15:44,478 接口测试 INFO 读取Excel成功,数据已返回
2021-03-13 21:38:13,442 接口测试 INFO 读取Excel成功,数据已返回
2021-03-13 21:40:38,777 接口测试 INFO 读取Excel成功,数据已返回
2021-03-13 21:40:38,777 接口测试 INFO 正在向http://www.neeo.cc:6002/pinter/bank/api/login2发送请求,{'case_num': 'neeo_001', 'title': 'token_登录', 'url': 'http://www.neeo.cc:6002/pinter/bank/api/login2', 'method': 'post', 'params': '', 'data': '{"userName":"admin","password":"1234"}', 'json': '', 'cookies': '', 'headers': '', 'except': '{"code":"0","message":"success"}'}
2021-03-13 21:40:38,884 接口测试 INFO 正在向http://www.neeo.cc:6002/pinter/bank/api/query2发送请求,{'case_num': 'neeo_002', 'title': 'token_查询余额', 'url': 'http://www.neeo.cc:6002/pinter/bank/api/query2', 'method': 'get', 'params': '{"userName":"admin"}', 'data': '', 'json': '', 'cookies': '', 'headers': '{"testfan-token":"${neeo_001>response_json>data}$"}', 'except': '{"code":"0","message":"success"}'}
2021-03-13 21:40:39,008 接口测试 INFO 正在向http://www.neeo.cc:6002/pinter/bank/api/login发送请求,{'case_num': 'neeo_003', 'title': 'cookies_登录', 'url': 'http://www.neeo.cc:6002/pinter/bank/api/login', 'method': 'post', 'params': '', 'data': '{"userName":"admin","password":"1234"}', 'json': '', 'cookies': '', 'headers': '', 'except': '{"code":"0","message":"success"}'}
2021-03-13 21:40:39,108 接口测试 INFO 正在向http://www.neeo.cc:6002/pinter/bank/api/query发送请求,{'case_num': 'neeo_004', 'title': 'cookies_查询余额', 'url': 'http://www.neeo.cc:6002/pinter/bank/api/query', 'method': 'get', 'params': '{"userName":"admin"}', 'data': '', 'json': '', 'cookies': 'neeo_003', 'headers': '', 'except': '{"code":"0","message":"success"}'}
2021-03-13 21:40:39,196 接口测试 INFO 正在向http://www.neeo.cc:6002/pinter/com/buy发送请求,{'case_num': 'neeo_005', 'title': '下单接口', 'url': 'http://www.neeo.cc:6002/pinter/com/buy', 'method': 'post', 'params': '', 'data': '{"param":{"skuld":123,"num":10}}', 'json': '', 'cookies': '', 'headers': '', 'except': '{"code":"0","message":"success"}'}
2021-03-13 21:40:39,387 接口测试 INFO 正在向http://www.neeo.cc:6002/pinter/com/getSku发送请求,{'case_num': 'neeo_006', 'title': '查询库存', 'url': 'http://www.neeo.cc:6002/pinter/com/getSku', 'method': 'get', 'params': '{"id":1}', 'data': '', 'json': '', 'cookies': '', 'headers': '', 'except': '{"code":"0","message":"success"}'}
2021-03-13 21:40:39,490 接口测试 INFO 正在向http://www.neeo.cc:6002/pinter/com/login发送请求,{'case_num': 'neeo_007', 'title': '普通登录', 'url': 'http://www.neeo.cc:6002/pinter/com/login', 'method': 'post', 'params': '', 'data': '{"userName":"${neeo_002>request_params>userName}$","password":"${neeo_003>request_data>password}$"}', 'json': '', 'cookies': '', 'headers': '', 'except': '{"code":"0","message":"success"}'}
2021-03-13 21:42:29,300 接口测试 INFO 读取Excel成功,数据已返回
2021-03-13 21:42:29,300 接口测试 INFO 正在向http://www.neeo.cc:6002/pinter/bank/api/login2发送请求,{'case_num': 'neeo_001', 'title': 'token_登录', 'url': 'http://www.neeo.cc:6002/pinter/bank/api/login2', 'method': 'post', 'params': '', 'data': '{"userName":"admin","password":"1234"}', 'json': '', 'cookies': '', 'headers': '', 'except': '{"code":"0","message":"success"}'}
2021-03-13 21:42:29,431 接口测试 INFO 正在向http://www.neeo.cc:6002/pinter/bank/api/query2发送请求,{'case_num': 'neeo_002', 'title': 'token_查询余额', 'url': 'http://www.neeo.cc:6002/pinter/bank/api/query2', 'method': 'get', 'params': '{"userName":"admin"}', 'data': '', 'json': '', 'cookies': '', 'headers': '{"testfan-token":"${neeo_001>response_json>data}$"}', 'except': '{"code":"0","message":"success"}'}
2021-03-13 21:42:29,549 接口测试 INFO 正在向http://www.neeo.cc:6002/pinter/bank/api/login发送请求,{'case_num': 'neeo_003', 'title': 'cookies_登录', 'url': 'http://www.neeo.cc:6002/pinter/bank/api/login', 'method': 'post', 'params': '', 'data': '{"userName":"admin","password":"1234"}', 'json': '', 'cookies': '', 'headers': '', 'except': '{"code":"0","message":"success"}'}
2021-03-13 21:42:29,644 接口测试 INFO 正在向http://www.neeo.cc:6002/pinter/bank/api/query发送请求,{'case_num': 'neeo_004', 'title': 'cookies_查询余额', 'url': 'http://www.neeo.cc:6002/pinter/bank/api/query', 'method': 'get', 'params': '{"userName":"admin"}', 'data': '', 'json': '', 'cookies': 'neeo_003', 'headers': '', 'except': '{"code":"0","message":"success"}'}
2021-03-13 21:42:29,738 接口测试 INFO 正在向http://www.neeo.cc:6002/pinter/com/buy发送请求,{'case_num': 'neeo_005', 'title': '下单接口', 'url': 'http://www.neeo.cc:6002/pinter/com/buy', 'method': 'post', 'params': '', 'data': '{"param":{"skuld":123,"num":10}}', 'json': '', 'cookies': '', 'headers': '', 'except': '{"code":"0","message":"success"}'}
2021-03-13 21:42:29,855 接口测试 INFO 正在向http://www.neeo.cc:6002/pinter/com/getSku发送请求,{'case_num': 'neeo_006', 'title': '查询库存', 'url': 'http://www.neeo.cc:6002/pinter/com/getSku', 'method': 'get', 'params': '{"id":1}', 'data': '', 'json': '', 'cookies': '', 'headers': '', 'except': '{"code":"0","message":"success"}'}
2021-03-13 21:42:29,944 接口测试 INFO 正在向http://www.neeo.cc:6002/pinter/com/login发送请求,{'case_num': 'neeo_007', 'title': '普通登录', 'url': 'http://www.neeo.cc:6002/pinter/com/login', 'method': 'post', 'params': '', 'data': '{"userName":"${neeo_002>request_params>userName}$","password":"${neeo_003>request_data>password}$"}', 'json': '', 'cookies': '', 'headers': '', 'except': '{"code":"0","message":"success"}'}
